digraph NFA {
	rankdir=LR
	31 [shape=circle]
	3 [shape=doublecircle]
	31 -> 3 [label="Ɛ"]
	3 [shape=circle]
	3 -> 3 [label="Ɛ"]
	7 [shape=circle]
	7 -> 3 [label="Ɛ"]
	9 [shape=circle]
	9 -> 3 [label="Ɛ"]
	0 [shape=circle]
	0 -> 3 [label="Ɛ"]
	2 [shape=circle]
	2 -> 3 [label="Ɛ"]
	6 [shape=circle]
	6 -> 3 [label="Ɛ"]
	8 [shape=circle]
	8 -> 3 [label="Ɛ"]
	2 [shape=circle]
	2 -> 3 [label="Ɛ"]
	4 [shape=circle]
	4 -> 3 [label="Ɛ"]
	6 [shape=circle]
	6 -> 3 [label="Ɛ"]
	8 [shape=circle]
	8 -> 3 [label="Ɛ"]
	30 [shape=circle]
	30 -> 3 [label="Ɛ"]
	30 [shape=circle]
	30 -> 2 [label="Ɛ"]
	30 [shape=circle]
	30 -> 3 [label="Ɛ"]
	30 [shape=circle]
	30 -> 2 [label="Ɛ"]
	30 [shape=circle]
	30 -> 3 [label="Ɛ"]
	30 [shape=circle]
	30 -> 2 [label="Ɛ"]
	30 [shape=circle]
	30 -> 3 [label="Ɛ"]
	30 [shape=circle]
	30 -> 2 [label="Ɛ"]
	30 [shape=circle]
	30 -> 3 [label="Ɛ"]
	30 [shape=circle]
	30 -> 1 [label="Ɛ"]
	30 [shape=circle]
	30 -> 3 [label="Ɛ"]
	30 [shape=circle]
	30 -> 1 [label="Ɛ"]
	30 [shape=circle]
	30 -> 3 [label="Ɛ"]
	30 [shape=circle]
	30 -> 1 [label="Ɛ"]
	30 [shape=circle]
	30 -> 3 [label="Ɛ"]
	30 [shape=circle]
	30 -> 1 [label="Ɛ"]
	30 [shape=circle]
	30 -> 3 [label="Ɛ"]
	30 [shape=circle]
	30 -> 8 [label="Ɛ"]
	30 [shape=circle]
	30 -> 0 [label="Ɛ"]
	30 [shape=circle]
	30 -> 4 [label="Ɛ"]
	0 [shape=circle]
	0 -> 1 [label=b]
	1 [shape=circle]
	1 -> 2 [label="Ɛ"]
	2 [shape=circle]
	3 [shape=doublecircle]
	2 -> 3 [label=a]
	4 [shape=circle]
	4 -> 5 [label=a]
	5 [shape=circle]
	5 -> 6 [label="Ɛ"]
	6 [shape=circle]
	7 [shape=doublecircle]
	6 -> 7 [label=b]
	8 [shape=circle]
	9 [shape=doublecircle]
	8 -> 9 [label=a]
	10 [shape=circle]
	10 -> 1 [label=1]
	12 [shape=circle]
	12 -> 1 [label=3]
	14 [shape=circle]
	14 -> 1 [label=5]
	5 [shape=circle]
	5 -> 1 [label="Ɛ"]
	16 [shape=circle]
	16 -> 1 [label=7]
	18 [shape=circle]
	18 -> 1 [label=9]
	20 [shape=circle]
	20 -> 2 [label=1]
	1 [shape=circle]
	1 -> 2 [label="Ɛ"]
	22 [shape=circle]
	22 -> 2 [label=3]
	24 [shape=circle]
	24 -> 2 [label=5]
	26 [shape=circle]
	26 -> 2 [label=7]
	28 [shape=circle]
	28 -> 2 [label=9]
	31 [shape=doublecircle]
	3 [shape=circle]
}
