   0  $accept : CMPLX_NOUN $end

   1  CMPLX_NOUN : ARTICLE NOUN

   2  PREP_PHRASE : PREP CMPLX_NOUN

   3  NOUN_PHRASE : CMPLX_NOUN
   4              | CMPLX_NOUN PREP_PHRASE

   5  CMPLX_VERB : VERB
   6             | VERB NOUN_PHRASE

   7  VERB_PHRASE : CMPLX_VERB
   8              | CMPLX_VERB PREP_PHRASE

   9  SENTENCE : NOUN_PHRASE VERB_PHRASE
  10           | error

state 0
	$accept : . CMPLX_NOUN $end  (0)

	ARTICLE  shift 1
	.  error

	CMPLX_NOUN  goto 2


state 1
	CMPLX_NOUN : ARTICLE . NOUN  (1)

	NOUN  shift 3
	.  error


state 2
	$accept : CMPLX_NOUN . $end  (0)

	$end  accept


state 3
	CMPLX_NOUN : ARTICLE NOUN .  (1)

	.  reduce 1


Rules never reduced:
	PREP_PHRASE : PREP CMPLX_NOUN  (2)
	NOUN_PHRASE : CMPLX_NOUN  (3)
	NOUN_PHRASE : CMPLX_NOUN PREP_PHRASE  (4)
	CMPLX_VERB : VERB  (5)
	CMPLX_VERB : VERB NOUN_PHRASE  (6)
	VERB_PHRASE : CMPLX_VERB  (7)
	VERB_PHRASE : CMPLX_VERB PREP_PHRASE  (8)
	SENTENCE : NOUN_PHRASE VERB_PHRASE  (9)
	SENTENCE : error  (10)


6 terminals, 7 nonterminals
11 grammar rules, 4 states

grammar parser grammar
symbol# value# symbol
     0      0  $end
     1    256  error
     2    257  NOUN
     3    258  ARTICLE
     4    259  VERB
     5    260  PREP
     6    261  $accept
     7    262  CMPLX_NOUN
     8    263  PREP_PHRASE
     9    264  NOUN_PHRASE
    10    265  CMPLX_VERB
    11    266  VERB_PHRASE
    12    267  SENTENCE
